Using pre-set license
Built from '2020.3/staging' branch; Version is '2020.3.30f1 (1fb1bf06830e) revision 2077119'; Using compiler version '192528614'; Build Type 'Release'
OS: 'Windows 10  (10.0.19043) 64bit Core' Language: 'en' Physical Memory: 16333 MB
BatchMode: 1, IsHumanControllingUs: 0, StartBugReporterOnCrash: 0, Is64bit: 1, IsPro: 0

COMMAND LINE ARGUMENTS:
C:\Program Files\Unity\Hub\Editor\2020.3.30f1\Editor\Unity.exe
-adb2
-batchMode
-noUpm
-name
AssetImportWorker0
-projectPath
C:/_Projects/RoboGame/Roboto
-logFile
Logs/AssetImportWorker0.log
-srvPort
58349
Successfully changed project path to: C:/_Projects/RoboGame/Roboto
C:/_Projects/RoboGame/Roboto
Using Asset Import Pipeline V2.
Refreshing native plugins compatible for Editor in 44.82 ms, found 2 plugins.
Preloading 0 native plugins for Editor in 0.00 ms.
Initialize engine version: 2020.3.30f1 (1fb1bf06830e)
[Subsystems] Discovering subsystems at path C:/Program Files/Unity/Hub/Editor/2020.3.30f1/Editor/Data/Resources/UnitySubsystems
[Subsystems] Discovering subsystems at path C:/_Projects/RoboGame/Roboto/Assets
GfxDevice: creating device client; threaded=0
Direct3D:
    Version:  Direct3D 11.0 [level 11.1]
    Renderer: NVIDIA GeForce RTX 2060 (ID=0x1e89)
    Vendor:   
    VRAM:     5968 MB
    Driver:   30.0.15.1179
Initialize mono
Mono path[0] = 'C:/Program Files/Unity/Hub/Editor/2020.3.30f1/Editor/Data/Managed'
Mono path[1] = 'C:/Program Files/Unity/Hub/Editor/2020.3.30f1/Editor/Data/MonoBleedingEdge/lib/mono/unityjit'
Mono config path = 'C:/Program Files/Unity/Hub/Editor/2020.3.30f1/Editor/Data/MonoBleedingEdge/etc'
Using monoOptions --debugger-agent=transport=dt_socket,embedding=1,server=y,suspend=n,address=127.0.0.1:56344
Begin MonoManager ReloadAssembly
Registering precompiled unity dll's ...
Register platform support module: C:/Program Files/Unity/Hub/Editor/2020.3.30f1/Editor/Data/PlaybackEngines/WindowsStandaloneSupport/UnityEditor.WindowsStandalone.Extensions.dll
Registered in 0.002789 seconds.
Native extension for WindowsStandalone target not found
Refreshing native plugins compatible for Editor in 48.36 ms, found 2 plugins.
Preloading 0 native plugins for Editor in 0.00 ms.
Mono: successfully reloaded assembly
- Completed reload, in  0.734 seconds
Domain Reload Profiling:
	ReloadAssembly (735ms)
		BeginReloadAssembly (86ms)
			ExecutionOrderSort (0ms)
			DisableScriptedObjects (0ms)
			BackupInstance (0ms)
			ReleaseScriptingObjects (0ms)
			CreateAndSetChildDomain (1ms)
		EndReloadAssembly (557ms)
			LoadAssemblies (82ms)
			RebuildTransferFunctionScriptingTraits (0ms)
			SetupTypeCache (179ms)
			ReleaseScriptCaches (0ms)
			RebuildScriptCaches (36ms)
			SetupLoadedEditorAssemblies (212ms)
				LogAssemblyErrors (0ms)
				InitializePlatformSupportModulesInManaged (6ms)
				SetLoadedEditorAssemblies (0ms)
				RefreshPlugins (48ms)
				BeforeProcessingInitializeOnLoad (15ms)
				ProcessInitializeOnLoadAttributes (102ms)
				ProcessInitializeOnLoadMethodAttributes (40ms)
				AfterProcessingInitializeOnLoad (0ms)
				EditorAssembliesLoaded (0ms)
			ExecutionOrderSort2 (0ms)
			AwakeInstancesAfterBackupRestoration (0ms)
Platform modules already initialized, skipping
Registering precompiled user dll's ...
Registered in 0.008233 seconds.
Begin MonoManager ReloadAssembly
Native extension for WindowsStandalone target not found
Refreshing native plugins compatible for Editor in 39.52 ms, found 2 plugins.
Preloading 0 native plugins for Editor in 0.00 ms.
Mono: successfully reloaded assembly
- Completed reload, in  1.334 seconds
Domain Reload Profiling:
	ReloadAssembly (1335ms)
		BeginReloadAssembly (194ms)
			ExecutionOrderSort (0ms)
			DisableScriptedObjects (7ms)
			BackupInstance (0ms)
			ReleaseScriptingObjects (0ms)
			CreateAndSetChildDomain (20ms)
		EndReloadAssembly (1063ms)
			LoadAssemblies (108ms)
			RebuildTransferFunctionScriptingTraits (0ms)
			SetupTypeCache (306ms)
			ReleaseScriptCaches (0ms)
			RebuildScriptCaches (47ms)
			SetupLoadedEditorAssemblies (460ms)
				LogAssemblyErrors (0ms)
				InitializePlatformSupportModulesInManaged (4ms)
				SetLoadedEditorAssemblies (0ms)
				RefreshPlugins (40ms)
				BeforeProcessingInitializeOnLoad (82ms)
				ProcessInitializeOnLoadAttributes (309ms)
				ProcessInitializeOnLoadMethodAttributes (9ms)
				AfterProcessingInitializeOnLoad (15ms)
				EditorAssembliesLoaded (1ms)
			ExecutionOrderSort2 (0ms)
			AwakeInstancesAfterBackupRestoration (10ms)
Platform modules already initialized, skipping
========================================================================
Worker process is ready to serve import requests
Launched and connected shader compiler UnityShaderCompiler.exe after 0.07 seconds
Refreshing native plugins compatible for Editor in 0.42 ms, found 2 plugins.
Preloading 0 native plugins for Editor in 0.00 ms.
Unloading 1844 Unused Serialized files (Serialized files now loaded: 0)
System memory in use before: 81.3 MB.
System memory in use after: 81.4 MB.

Unloading 19 unused Assets to reduce memory usage. Loaded Objects now: 2280.
Total: 3.888400 ms (FindLiveObjects: 0.161200 ms CreateObjectMapping: 0.047900 ms MarkObjects: 3.595400 ms  DeleteObjects: 0.082500 ms)

AssetImportParameters requested are different than current active one (requested -> active):
  custom:framework-win-MediaFoundation: 216162199b28c13a410421893ffa2e32 -> 
  custom:video-decoder-ogg-theora: a1e56fd34408186e4bbccfd4996cb3dc -> 
  custom:container-muxer-webm: aa71ff27fc2769a1b78a27578f13a17b -> 
  custom:container-demuxer-webm: 4f35f7cbe854078d1ac9338744f61a02 -> 
  custom:container-demuxer-ogg: 62fdf1f143b41e24485cea50d1cbac27 -> 
  custom:video-encoder-webm-vp8: eb34c28f22e8b96e1ab97ce403110664 -> 
  custom:video-decoder-webm-vp8: 9c59270c3fd7afecdb556c50c9e8de78 -> 
  custom:audio-decoder-ogg-vorbis: bf7c407c2cedff20999df2af8eb42d56 -> 
  custom:audio-encoder-webm-vorbis: bf7c407c2cedff20999df2af8eb42d56 -> 
========================================================================
Received Import Request.
  path: Assets/Player Input.inputactions
  artifactKey: Guid(1e077fa373e1028428baa3a22e542a92) Importer(815301076,1909f56bfc062723c751e8b465ee728b)
Start importing Assets/Player Input.inputactions using Guid(1e077fa373e1028428baa3a22e542a92) Importer(815301076,1909f56bfc062723c751e8b465ee728b)  -> (artifact id: 'b245a84e1cc8d19979838f6c02136355') in 0.060625 seconds 
========================================================================
Received Import Request.
  Time since last request: 144.693476 seconds.
  path: Assets/Player Input.inputactions
  artifactKey: Guid(1e077fa373e1028428baa3a22e542a92) Importer(815301076,1909f56bfc062723c751e8b465ee728b)
Start importing Assets/Player Input.inputactions using Guid(1e077fa373e1028428baa3a22e542a92) Importer(815301076,1909f56bfc062723c751e8b465ee728b)  -> (artifact id: 'a8605fc35255967e6f0511cceafcb0e5') in 0.009234 seconds 
========================================================================
Received Import Request.
  Time since last request: 961.020395 seconds.
  path: Assets/Player Input.inputactions
  artifactKey: Guid(1e077fa373e1028428baa3a22e542a92) Importer(815301076,1909f56bfc062723c751e8b465ee728b)
Start importing Assets/Player Input.inputactions using Guid(1e077fa373e1028428baa3a22e542a92) Importer(815301076,1909f56bfc062723c751e8b465ee728b)  -> (artifact id: '7ab45abf521a7d89e84b16aaa262ba13') in 0.013847 seconds 
========================================================================
Received Import Request.
  Time since last request: 2.698453 seconds.
  path: Assets/Player Input.inputactions
  artifactKey: Guid(1e077fa373e1028428baa3a22e542a92) Importer(815301076,1909f56bfc062723c751e8b465ee728b)
Start importing Assets/Player Input.inputactions using Guid(1e077fa373e1028428baa3a22e542a92) Importer(815301076,1909f56bfc062723c751e8b465ee728b)  -> (artifact id: 'a3221bf837b12656c93b79d89d92ea44') in 0.006362 seconds 
========================================================================
Received Import Request.
  Time since last request: 1.088865 seconds.
  path: Assets/Player Input.inputactions
  artifactKey: Guid(1e077fa373e1028428baa3a22e542a92) Importer(815301076,1909f56bfc062723c751e8b465ee728b)
Start importing Assets/Player Input.inputactions using Guid(1e077fa373e1028428baa3a22e542a92) Importer(815301076,1909f56bfc062723c751e8b465ee728b)  -> (artifact id: '0a42a20f8187245d6f740137e330f536') in 0.006091 seconds 
========================================================================
Received Import Request.
  Time since last request: 0.756575 seconds.
  path: Assets/Player Input.inputactions
  artifactKey: Guid(1e077fa373e1028428baa3a22e542a92) Importer(815301076,1909f56bfc062723c751e8b465ee728b)
Start importing Assets/Player Input.inputactions using Guid(1e077fa373e1028428baa3a22e542a92) Importer(815301076,1909f56bfc062723c751e8b465ee728b)  -> (artifact id: '6988ae2fd8bdae87cb541cee207c5f43') in 0.005992 seconds 
========================================================================
Received Import Request.
  Time since last request: 4.933211 seconds.
  path: Assets/Player Input.inputactions
  artifactKey: Guid(1e077fa373e1028428baa3a22e542a92) Importer(815301076,1909f56bfc062723c751e8b465ee728b)
Start importing Assets/Player Input.inputactions using Guid(1e077fa373e1028428baa3a22e542a92) Importer(815301076,1909f56bfc062723c751e8b465ee728b)  -> (artifact id: '953756f068e74a30e22d9f0f19b5113b') in 0.006274 seconds 
========================================================================
Received Import Request.
  Time since last request: 6.220335 seconds.
  path: Assets/Player Input.inputactions
  artifactKey: Guid(1e077fa373e1028428baa3a22e542a92) Importer(815301076,1909f56bfc062723c751e8b465ee728b)
Start importing Assets/Player Input.inputactions using Guid(1e077fa373e1028428baa3a22e542a92) Importer(815301076,1909f56bfc062723c751e8b465ee728b)  -> (artifact id: 'ded9940036d38b9c55c0922a6cde6821') in 0.004933 seconds 
========================================================================
Received Import Request.
  Time since last request: 1.849058 seconds.
  path: Assets/Player Input.inputactions
  artifactKey: Guid(1e077fa373e1028428baa3a22e542a92) Importer(815301076,1909f56bfc062723c751e8b465ee728b)
Start importing Assets/Player Input.inputactions using Guid(1e077fa373e1028428baa3a22e542a92) Importer(815301076,1909f56bfc062723c751e8b465ee728b)  -> (artifact id: '3e9b27dd80b16a066c51db18d80e2fc6') in 0.004529 seconds 
========================================================================
Received Import Request.
  Time since last request: 1.760000 seconds.
  path: Assets/Player Input.inputactions
  artifactKey: Guid(1e077fa373e1028428baa3a22e542a92) Importer(815301076,1909f56bfc062723c751e8b465ee728b)
Start importing Assets/Player Input.inputactions using Guid(1e077fa373e1028428baa3a22e542a92) Importer(815301076,1909f56bfc062723c751e8b465ee728b)  -> (artifact id: '8cdbb6bd5609178853d78af56a83b98b') in 0.004750 seconds 
========================================================================
Received Import Request.
  Time since last request: 14.825127 seconds.
  path: Assets/Player Input.inputactions
  artifactKey: Guid(1e077fa373e1028428baa3a22e542a92) Importer(815301076,1909f56bfc062723c751e8b465ee728b)
Start importing Assets/Player Input.inputactions using Guid(1e077fa373e1028428baa3a22e542a92) Importer(815301076,1909f56bfc062723c751e8b465ee728b)  -> (artifact id: 'd1be6a208f1a70004001e6b6db946f7f') in 0.005557 seconds 
========================================================================
Received Import Request.
  Time since last request: 8.552203 seconds.
  path: Assets/Player Input.inputactions
  artifactKey: Guid(1e077fa373e1028428baa3a22e542a92) Importer(815301076,1909f56bfc062723c751e8b465ee728b)
Start importing Assets/Player Input.inputactions using Guid(1e077fa373e1028428baa3a22e542a92) Importer(815301076,1909f56bfc062723c751e8b465ee728b)  -> (artifact id: '6c7b53cfb60c8aa2667608665885556f') in 0.006071 seconds 
========================================================================
Received Import Request.
  Time since last request: 5.101824 seconds.
  path: Assets/Player Input.inputactions
  artifactKey: Guid(1e077fa373e1028428baa3a22e542a92) Importer(815301076,1909f56bfc062723c751e8b465ee728b)
Start importing Assets/Player Input.inputactions using Guid(1e077fa373e1028428baa3a22e542a92) Importer(815301076,1909f56bfc062723c751e8b465ee728b)  -> (artifact id: 'c40ec59baf7dba383e54bca8f2f896b8') in 0.005114 seconds 
========================================================================
Received Import Request.
  Time since last request: 15.691507 seconds.
  path: Assets/Player Input.inputactions
  artifactKey: Guid(1e077fa373e1028428baa3a22e542a92) Importer(815301076,1909f56bfc062723c751e8b465ee728b)
Start importing Assets/Player Input.inputactions using Guid(1e077fa373e1028428baa3a22e542a92) Importer(815301076,1909f56bfc062723c751e8b465ee728b)  -> (artifact id: '7e4510af31313ba97835c385c91dd674') in 0.004691 seconds 
========================================================================
Received Import Request.
  Time since last request: 6.529737 seconds.
  path: Assets/Player Input.inputactions
  artifactKey: Guid(1e077fa373e1028428baa3a22e542a92) Importer(815301076,1909f56bfc062723c751e8b465ee728b)
Start importing Assets/Player Input.inputactions using Guid(1e077fa373e1028428baa3a22e542a92) Importer(815301076,1909f56bfc062723c751e8b465ee728b)  -> (artifact id: '6a6132df7a76dde204cf4a0860d0d330') in 0.005051 seconds 
========================================================================
Received Import Request.
  Time since last request: 17.603578 seconds.
  path: Assets/Player Input.inputactions
  artifactKey: Guid(1e077fa373e1028428baa3a22e542a92) Importer(815301076,1909f56bfc062723c751e8b465ee728b)
Start importing Assets/Player Input.inputactions using Guid(1e077fa373e1028428baa3a22e542a92) Importer(815301076,1909f56bfc062723c751e8b465ee728b)  -> (artifact id: '0079e9f0de559cbc6f6babafb8cd238d') in 0.006306 seconds 
========================================================================
Received Import Request.
  Time since last request: 2288.634687 seconds.
  path: Assets/Scripts/Player.cs
  artifactKey: Guid(0727634a920e2c1488def9d87f1fe4c7) Importer(815301076,1909f56bfc062723c751e8b465ee728b)
Start importing Assets/Scripts/Player.cs using Guid(0727634a920e2c1488def9d87f1fe4c7) Importer(815301076,1909f56bfc062723c751e8b465ee728b)  -> (artifact id: '6b721bb2f4efdfe20087a1840ed79c0f') in 0.023117 seconds 
========================================================================
Received Import Request.
  Time since last request: 1295.774182 seconds.
  path: Assets/Scripts/Player.cs
  artifactKey: Guid(0727634a920e2c1488def9d87f1fe4c7) Importer(815301076,1909f56bfc062723c751e8b465ee728b)
Start importing Assets/Scripts/Player.cs using Guid(0727634a920e2c1488def9d87f1fe4c7) Importer(815301076,1909f56bfc062723c751e8b465ee728b)  -> (artifact id: '86ac4ebb03d9c223ce367be6543a4971') in 0.003380 seconds 
========================================================================
Received Import Request.
  Time since last request: 1006.653331 seconds.
  path: Assets/Player Input.inputactions
  artifactKey: Guid(1e077fa373e1028428baa3a22e542a92) Importer(815301076,1909f56bfc062723c751e8b465ee728b)
Start importing Assets/Player Input.inputactions using Guid(1e077fa373e1028428baa3a22e542a92) Importer(815301076,1909f56bfc062723c751e8b465ee728b)  -> (artifact id: '3d50ee050a4e5cb59fa32dff10acd679') in 0.017394 seconds 
========================================================================
Received Import Request.
  Time since last request: 1070.544778 seconds.
  path: Assets/Scripts/Player.cs
  artifactKey: Guid(0727634a920e2c1488def9d87f1fe4c7) Importer(815301076,1909f56bfc062723c751e8b465ee728b)
Start importing Assets/Scripts/Player.cs using Guid(0727634a920e2c1488def9d87f1fe4c7) Importer(815301076,1909f56bfc062723c751e8b465ee728b)  -> (artifact id: 'cbfd148bca6398a93004d67919c8de63') in 0.008331 seconds 
========================================================================
Received Import Request.
  Time since last request: 1686.208101 seconds.
  path: Assets/Inputs
  artifactKey: Guid(4c8672f525373b44aa06f5de0800571b) Importer(815301076,1909f56bfc062723c751e8b465ee728b)
Start importing Assets/Inputs using Guid(4c8672f525373b44aa06f5de0800571b) Importer(815301076,1909f56bfc062723c751e8b465ee728b)  -> (artifact id: 'f4bcb136d887b9504d1cd49adf846a18') in 0.010431 seconds 
========================================================================
Received Import Request.
  Time since last request: 30.988762 seconds.
  path: Assets/Inputs/Player Input.inputactions
  artifactKey: Guid(1e077fa373e1028428baa3a22e542a92) Importer(815301076,1909f56bfc062723c751e8b465ee728b)
Start importing Assets/Inputs/Player Input.inputactions using Guid(1e077fa373e1028428baa3a22e542a92) Importer(815301076,1909f56bfc062723c751e8b465ee728b)  -> (artifact id: '3da6a1593cd365c91b3c55bb9111e43d') in 0.007015 seconds 
========================================================================
Received Import Request.
  Time since last request: 1.877486 seconds.
  path: Assets/Inputs/Player Input.cs
  artifactKey: Guid(1072f1df4fa27274fb6906fa3259dc4f) Importer(815301076,1909f56bfc062723c751e8b465ee728b)
Start importing Assets/Inputs/Player Input.cs using Guid(1072f1df4fa27274fb6906fa3259dc4f) Importer(815301076,1909f56bfc062723c751e8b465ee728b)  -> (artifact id: 'ab6a5e0503fb5114b568c23be5fb411d') in 0.003831 seconds 
========================================================================
Received Import Request.
  Time since last request: 220.226937 seconds.
  path: Assets/Inputs/Player Input.inputactions
  artifactKey: Guid(1e077fa373e1028428baa3a22e542a92) Importer(815301076,1909f56bfc062723c751e8b465ee728b)
Start importing Assets/Inputs/Player Input.inputactions using Guid(1e077fa373e1028428baa3a22e542a92) Importer(815301076,1909f56bfc062723c751e8b465ee728b)  -> (artifact id: '5f828f3d29bf3da90431c6d9d45b376a') in 0.005110 seconds 
========================================================================
Received Import Request.
  Time since last request: 3.401504 seconds.
  path: Assets/Inputs/Player Input.inputactions
  artifactKey: Guid(1e077fa373e1028428baa3a22e542a92) Importer(815301076,1909f56bfc062723c751e8b465ee728b)
Start importing Assets/Inputs/Player Input.inputactions using Guid(1e077fa373e1028428baa3a22e542a92) Importer(815301076,1909f56bfc062723c751e8b465ee728b)  -> (artifact id: '0e9872f69e9dc3707a362140f2a936bb') in 0.005712 seconds 
========================================================================
Received Import Request.
  Time since last request: 2.016788 seconds.
  path: Assets/Inputs/Player Input.inputactions
  artifactKey: Guid(1e077fa373e1028428baa3a22e542a92) Importer(815301076,1909f56bfc062723c751e8b465ee728b)
Start importing Assets/Inputs/Player Input.inputactions using Guid(1e077fa373e1028428baa3a22e542a92) Importer(815301076,1909f56bfc062723c751e8b465ee728b)  -> (artifact id: 'a8a4ac248821d1721f5a27e26530ef75') in 0.005913 seconds 
========================================================================
Received Prepare
Registering precompiled user dll's ...
Registered in 0.004387 seconds.
Begin MonoManager ReloadAssembly
Native extension for WindowsStandalone target not found
Refreshing native plugins compatible for Editor in 0.42 ms, found 2 plugins.
Preloading 0 native plugins for Editor in 0.00 ms.
Mono: successfully reloaded assembly
- Completed reload, in  1.386 seconds
Domain Reload Profiling:
	ReloadAssembly (1389ms)
		BeginReloadAssembly (246ms)
			ExecutionOrderSort (0ms)
			DisableScriptedObjects (18ms)
			BackupInstance (0ms)
			ReleaseScriptingObjects (0ms)
			CreateAndSetChildDomain (91ms)
		EndReloadAssembly (1054ms)
			LoadAssemblies (137ms)
			RebuildTransferFunctionScriptingTraits (0ms)
			SetupTypeCache (358ms)
			ReleaseScriptCaches (1ms)
			RebuildScriptCaches (39ms)
			SetupLoadedEditorAssemblies (417ms)
				LogAssemblyErrors (0ms)
				InitializePlatformSupportModulesInManaged (5ms)
				SetLoadedEditorAssemblies (1ms)
				RefreshPlugins (0ms)
				BeforeProcessingInitializeOnLoad (106ms)
				ProcessInitializeOnLoadAttributes (283ms)
				ProcessInitializeOnLoadMethodAttributes (11ms)
				AfterProcessingInitializeOnLoad (11ms)
				EditorAssembliesLoaded (0ms)
			ExecutionOrderSort2 (0ms)
			AwakeInstancesAfterBackupRestoration (8ms)
Platform modules already initialized, skipping
Refreshing native plugins compatible for Editor in 0.44 ms, found 2 plugins.
Preloading 0 native plugins for Editor in 0.00 ms.
Unloading 1839 Unused Serialized files (Serialized files now loaded: 0)
System memory in use before: 81.4 MB.
System memory in use after: 81.5 MB.

Unloading 12 unused Assets to reduce memory usage. Loaded Objects now: 2283.
Total: 3.402100 ms (FindLiveObjects: 0.160700 ms CreateObjectMapping: 0.048100 ms MarkObjects: 3.168800 ms  DeleteObjects: 0.023400 ms)

AssetImportParameters requested are different than current active one (requested -> active):
  custom:framework-win-MediaFoundation: 216162199b28c13a410421893ffa2e32 -> 
  custom:video-decoder-ogg-theora: a1e56fd34408186e4bbccfd4996cb3dc -> 
  custom:container-muxer-webm: aa71ff27fc2769a1b78a27578f13a17b -> 
  custom:container-demuxer-webm: 4f35f7cbe854078d1ac9338744f61a02 -> 
  custom:container-demuxer-ogg: 62fdf1f143b41e24485cea50d1cbac27 -> 
  custom:video-encoder-webm-vp8: eb34c28f22e8b96e1ab97ce403110664 -> 
  custom:video-decoder-webm-vp8: 9c59270c3fd7afecdb556c50c9e8de78 -> 
  custom:audio-decoder-ogg-vorbis: bf7c407c2cedff20999df2af8eb42d56 -> 
  custom:audio-encoder-webm-vorbis: bf7c407c2cedff20999df2af8eb42d56 -> 
========================================================================
Received Prepare
Registering precompiled user dll's ...
Registered in 0.004185 seconds.
Begin MonoManager ReloadAssembly
Native extension for WindowsStandalone target not found
Refreshing native plugins compatible for Editor in 0.55 ms, found 2 plugins.
Preloading 0 native plugins for Editor in 0.00 ms.
Mono: successfully reloaded assembly
- Completed reload, in  1.247 seconds
Domain Reload Profiling:
	ReloadAssembly (1247ms)
		BeginReloadAssembly (138ms)
			ExecutionOrderSort (0ms)
			DisableScriptedObjects (6ms)
			BackupInstance (0ms)
			ReleaseScriptingObjects (0ms)
			CreateAndSetChildDomain (37ms)
		EndReloadAssembly (1024ms)
			LoadAssemblies (118ms)
			RebuildTransferFunctionScriptingTraits (0ms)
			SetupTypeCache (340ms)
			ReleaseScriptCaches (1ms)
			RebuildScriptCaches (45ms)
			SetupLoadedEditorAssemblies (401ms)
				LogAssemblyErrors (0ms)
				InitializePlatformSupportModulesInManaged (5ms)
				SetLoadedEditorAssemblies (1ms)
				RefreshPlugins (1ms)
				BeforeProcessingInitializeOnLoad (106ms)
				ProcessInitializeOnLoadAttributes (266ms)
				ProcessInitializeOnLoadMethodAttributes (12ms)
				AfterProcessingInitializeOnLoad (11ms)
				EditorAssembliesLoaded (0ms)
			ExecutionOrderSort2 (0ms)
			AwakeInstancesAfterBackupRestoration (8ms)
Platform modules already initialized, skipping
Refreshing native plugins compatible for Editor in 0.47 ms, found 2 plugins.
Preloading 0 native plugins for Editor in 0.00 ms.
Unloading 1839 Unused Serialized files (Serialized files now loaded: 0)
System memory in use before: 81.4 MB.
System memory in use after: 81.5 MB.

Unloading 12 unused Assets to reduce memory usage. Loaded Objects now: 2285.
Total: 3.818400 ms (FindLiveObjects: 0.177600 ms CreateObjectMapping: 0.047800 ms MarkObjects: 3.565300 ms  DeleteObjects: 0.026100 ms)

AssetImportParameters requested are different than current active one (requested -> active):
  custom:framework-win-MediaFoundation: 216162199b28c13a410421893ffa2e32 -> 
  custom:video-decoder-ogg-theora: a1e56fd34408186e4bbccfd4996cb3dc -> 
  custom:container-muxer-webm: aa71ff27fc2769a1b78a27578f13a17b -> 
  custom:container-demuxer-webm: 4f35f7cbe854078d1ac9338744f61a02 -> 
  custom:container-demuxer-ogg: 62fdf1f143b41e24485cea50d1cbac27 -> 
  custom:video-encoder-webm-vp8: eb34c28f22e8b96e1ab97ce403110664 -> 
  custom:video-decoder-webm-vp8: 9c59270c3fd7afecdb556c50c9e8de78 -> 
  custom:audio-decoder-ogg-vorbis: bf7c407c2cedff20999df2af8eb42d56 -> 
  custom:audio-encoder-webm-vorbis: bf7c407c2cedff20999df2af8eb42d56 -> 
========================================================================
Received Prepare
Registering precompiled user dll's ...
Registered in 0.004017 seconds.
Begin MonoManager ReloadAssembly
Native extension for WindowsStandalone target not found
Refreshing native plugins compatible for Editor in 0.68 ms, found 2 plugins.
Preloading 0 native plugins for Editor in 0.00 ms.
Mono: successfully reloaded assembly
- Completed reload, in  1.212 seconds
Domain Reload Profiling:
	ReloadAssembly (1213ms)
		BeginReloadAssembly (134ms)
			ExecutionOrderSort (0ms)
			DisableScriptedObjects (6ms)
			BackupInstance (0ms)
			ReleaseScriptingObjects (0ms)
			CreateAndSetChildDomain (33ms)
		EndReloadAssembly (996ms)
			LoadAssemblies (115ms)
			RebuildTransferFunctionScriptingTraits (0ms)
			SetupTypeCache (322ms)
			ReleaseScriptCaches (1ms)
			RebuildScriptCaches (46ms)
			SetupLoadedEditorAssemblies (407ms)
				LogAssemblyErrors (0ms)
				InitializePlatformSupportModulesInManaged (7ms)
				SetLoadedEditorAssemblies (1ms)
				RefreshPlugins (1ms)
				BeforeProcessingInitializeOnLoad (113ms)
				ProcessInitializeOnLoadAttributes (252ms)
				ProcessInitializeOnLoadMethodAttributes (17ms)
				AfterProcessingInitializeOnLoad (15ms)
				EditorAssembliesLoaded (0ms)
			ExecutionOrderSort2 (0ms)
			AwakeInstancesAfterBackupRestoration (7ms)
Platform modules already initialized, skipping
Refreshing native plugins compatible for Editor in 0.43 ms, found 2 plugins.
Preloading 0 native plugins for Editor in 0.00 ms.
Unloading 1839 Unused Serialized files (Serialized files now loaded: 0)
System memory in use before: 81.4 MB.
System memory in use after: 81.5 MB.

Unloading 12 unused Assets to reduce memory usage. Loaded Objects now: 2287.
Total: 3.752400 ms (FindLiveObjects: 0.185200 ms CreateObjectMapping: 0.048900 ms MarkObjects: 3.491700 ms  DeleteObjects: 0.025300 ms)

AssetImportParameters requested are different than current active one (requested -> active):
  custom:framework-win-MediaFoundation: 216162199b28c13a410421893ffa2e32 -> 
  custom:video-decoder-ogg-theora: a1e56fd34408186e4bbccfd4996cb3dc -> 
  custom:container-muxer-webm: aa71ff27fc2769a1b78a27578f13a17b -> 
  custom:container-demuxer-webm: 4f35f7cbe854078d1ac9338744f61a02 -> 
  custom:container-demuxer-ogg: 62fdf1f143b41e24485cea50d1cbac27 -> 
  custom:video-encoder-webm-vp8: eb34c28f22e8b96e1ab97ce403110664 -> 
  custom:video-decoder-webm-vp8: 9c59270c3fd7afecdb556c50c9e8de78 -> 
  custom:audio-decoder-ogg-vorbis: bf7c407c2cedff20999df2af8eb42d56 -> 
  custom:audio-encoder-webm-vorbis: bf7c407c2cedff20999df2af8eb42d56 -> 
========================================================================
Received Prepare
Registering precompiled user dll's ...
Registered in 0.004941 seconds.
Begin MonoManager ReloadAssembly
Native extension for WindowsStandalone target not found
Refreshing native plugins compatible for Editor in 0.42 ms, found 2 plugins.
Preloading 0 native plugins for Editor in 0.00 ms.
Mono: successfully reloaded assembly
- Completed reload, in  1.245 seconds
Domain Reload Profiling:
	ReloadAssembly (1246ms)
		BeginReloadAssembly (137ms)
			ExecutionOrderSort (0ms)
			DisableScriptedObjects (6ms)
			BackupInstance (0ms)
			ReleaseScriptingObjects (0ms)
			CreateAndSetChildDomain (33ms)
		EndReloadAssembly (1024ms)
			LoadAssemblies (118ms)
			RebuildTransferFunctionScriptingTraits (0ms)
			SetupTypeCache (318ms)
			ReleaseScriptCaches (1ms)
			RebuildScriptCaches (52ms)
			SetupLoadedEditorAssemblies (425ms)
				LogAssemblyErrors (0ms)
				InitializePlatformSupportModulesInManaged (4ms)
				SetLoadedEditorAssemblies (0ms)
				RefreshPlugins (0ms)
				BeforeProcessingInitializeOnLoad (103ms)
				ProcessInitializeOnLoadAttributes (295ms)
				ProcessInitializeOnLoadMethodAttributes (10ms)
				AfterProcessingInitializeOnLoad (12ms)
				EditorAssembliesLoaded (0ms)
			ExecutionOrderSort2 (0ms)
			AwakeInstancesAfterBackupRestoration (8ms)
Platform modules already initialized, skipping
Refreshing native plugins compatible for Editor in 0.52 ms, found 2 plugins.
Preloading 0 native plugins for Editor in 0.00 ms.
Unloading 1839 Unused Serialized files (Serialized files now loaded: 0)
System memory in use before: 81.4 MB.
System memory in use after: 81.6 MB.

Unloading 12 unused Assets to reduce memory usage. Loaded Objects now: 2289.
Total: 3.631600 ms (FindLiveObjects: 0.173900 ms CreateObjectMapping: 0.046800 ms MarkObjects: 3.384200 ms  DeleteObjects: 0.025300 ms)

AssetImportParameters requested are different than current active one (requested -> active):
  custom:framework-win-MediaFoundation: 216162199b28c13a410421893ffa2e32 -> 
  custom:video-decoder-ogg-theora: a1e56fd34408186e4bbccfd4996cb3dc -> 
  custom:container-muxer-webm: aa71ff27fc2769a1b78a27578f13a17b -> 
  custom:container-demuxer-webm: 4f35f7cbe854078d1ac9338744f61a02 -> 
  custom:container-demuxer-ogg: 62fdf1f143b41e24485cea50d1cbac27 -> 
  custom:video-encoder-webm-vp8: eb34c28f22e8b96e1ab97ce403110664 -> 
  custom:video-decoder-webm-vp8: 9c59270c3fd7afecdb556c50c9e8de78 -> 
  custom:audio-decoder-ogg-vorbis: bf7c407c2cedff20999df2af8eb42d56 -> 
  custom:audio-encoder-webm-vorbis: bf7c407c2cedff20999df2af8eb42d56 -> 
AssetImportWorkerClient::OnTransportError - code=2 error=End of file
